20:53:57 **** Rebuild of configuration Debug for project test ****
Info: Internal Builder is used for build
g++ -O0 -g3 -Wall -c -fmessage-length=0 -o "src\\test.o" "..\\src\\test.cpp" 
g++ -o test.exe "src\\test.o" 
Info: Nothing to build for test
Info: Nothing to build for test
21:15:53 **** インクリメンタル・ビルド of configuration Debug for project test ****
Info: Internal Builder is used for build
g++ -O0 -g3 -Wall -c -fmessage-length=0 -o "src\\test.o" "..\\src\\test.cpp" 
..\src\test.cpp: In function `int main()':
..\src\test.cpp:13: error: `cout' was not declared in this scope
21:21:14 **** Rebuild of configuration Debug for project cpp-1-2 ****
Info: Internal Builder is used for build
g++ -O0 -g3 -Wall -c -fmessage-length=0 -o "src\\cpp-1-2.o" "..\\src\\cpp-1-2.cpp" 
g++ -o cpp-1-2.exe "src\\cpp-1-2.o" 
21:21:26 **** インクリメンタル・ビルド of configuration Debug for project cpp-1-2 ****
Info: Internal Builder is used for build
g++ -O0 -g3 -Wall -c -fmessage-length=0 -o "src\\cpp-1-2.o" "..\\src\\cpp-1-2.cpp" 
g++ -o cpp-1-2.exe "src\\cpp-1-2.o" 
Info: Nothing to build for cpp-1-2
21:22:02 **** インクリメンタル・ビルド of configuration Debug for project cpp-1-2 ****
Info: Internal Builder is used for build
g++ -O0 -g3 -Wall -c -fmessage-length=0 -o "src\\cpp-1-2.o" "..\\src\\cpp-1-2.cpp" 
g++ -o cpp-1-2.exe "src\\cpp-1-2.o" 
